<?xml version="1.0" encoding="UTF-8" ?>
<testsuite tests="11" failures="2" name="com.mycompany.assignmentone.StudentTest" time="26.558" errors="0" skipped="0">
  <properties>
[...]
</properties>
  <testcase classname="com.mycompany.assignmentone.StudentTest" name="com.mycompany.assignmentone.StudentTest.testSearchStudent_StudentNotFound" time="0"/>
  <testcase classname="com.mycompany.assignmentone.StudentTest" name="com.mycompany.assignmentone.StudentTest.testSearchStudent" time="0"/>
  <testcase classname="com.mycompany.assignmentone.StudentTest" name="com.mycompany.assignmentone.StudentTest.testDeleteStudent" time="0"/>
  <testcase classname="com.mycompany.assignmentone.StudentTest" name="com.mycompany.assignmentone.StudentTest.testCaptureStudent" time="26.545"/>
  <testcase classname="com.mycompany.assignmentone.StudentTest" name="com.mycompany.assignmentone.StudentTest.testGenerateStudentReport" time="0.013">
    <failure message="expected: &lt;&gt; but was: &lt;STUDENT REPORT

Student 1
STUDENT ID: 10111
STUDENT NAME: John Doe
STUDENT AGE: 20
STUDENT EMAIL: johndoe@ymail.com
STUDENT COURSE: disd

&gt;" type="org.opentest4j.AssertionFailedError">org.opentest4j.AssertionFailedError: expected: &lt;&gt; but was: &lt;STUDENT REPORT
Student 1
STUDENT ID: 10111
STUDENT NAME: John Doe
STUDENT AGE: 20
STUDENT EMAIL: johndoe@ymail.com
STUDENT COURSE: disd
&gt;
	at org.junit.jupiter.api.AssertionUtils.fail(AssertionUtils.java:55)
	at org.junit.jupiter.api.AssertionUtils.failNotEqual(AssertionUtils.java:62)
	at org.junit.jupiter.api.AssertEquals.assertEquals(AssertEquals.java:182)
	at org.junit.jupiter.api.AssertEquals.assertEquals(AssertEquals.java:177)
	at org.junit.jupiter.api.Assertions.assertEquals(Assertions.java:1124)
	at com.mycompany.assignmentone.StudentTest.testGenerateStudentReport(StudentTest.java:183)
</failure>
    <system-out>generateStudentReport
</system-out>
  </testcase>
  <testcase classname="com.mycompany.assignmentone.StudentTest" name="com.mycompany.assignmentone.StudentTest.testGetId" time="0"/>
  <testcase classname="com.mycompany.assignmentone.StudentTest" name="com.mycompany.assignmentone.StudentTest.testGetName" time="0"/>
  <testcase classname="com.mycompany.assignmentone.StudentTest" name="com.mycompany.assignmentone.StudentTest.testGetAge" time="0"/>
  <testcase classname="com.mycompany.assignmentone.StudentTest" name="com.mycompany.assignmentone.StudentTest.testGetEmail" time="0"/>
  <testcase classname="com.mycompany.assignmentone.StudentTest" name="com.mycompany.assignmentone.StudentTest.testToString" time="0">
    <failure message="expected: &lt;STUDENT ID: 10111
STUDENT NAME: John Doe
STUDENT AGE: 20
STUDENT EMAIL: johndoe@ymail.com
STUDENT COURSE: Computer Science
&gt; but was: &lt;STUDENT ID: 10111
STUDENT NAME: John Doe
STUDENT AGE: 20
STUDENT EMAIL: johndoe@ymail.com
STUDENT COURSE: disd
&gt;" type="org.opentest4j.AssertionFailedError">org.opentest4j.AssertionFailedError: expected: &lt;STUDENT ID: 10111
STUDENT NAME: John Doe
STUDENT AGE: 20
STUDENT EMAIL: johndoe@ymail.com
STUDENT COURSE: Computer Science
&gt; but was: &lt;STUDENT ID: 10111
STUDENT NAME: John Doe
STUDENT AGE: 20
STUDENT EMAIL: johndoe@ymail.com
STUDENT COURSE: disd
&gt;
	at org.junit.jupiter.api.AssertionUtils.fail(AssertionUtils.java:55)
	at org.junit.jupiter.api.AssertionUtils.failNotEqual(AssertionUtils.java:62)
	at org.junit.jupiter.api.AssertEquals.assertEquals(AssertEquals.java:182)
	at org.junit.jupiter.api.AssertEquals.assertEquals(AssertEquals.java:177)
	at org.junit.jupiter.api.Assertions.assertEquals(Assertions.java:1124)
	at com.mycompany.assignmentone.StudentTest.testToString(StudentTest.java:122)
</failure>
    <system-out>toString
</system-out>
  </testcase>
  <testcase classname="com.mycompany.assignmentone.StudentTest" name="com.mycompany.assignmentone.StudentTest.testGetCourse" time="0"/>
</testsuite>