<?xml version="1.0" encoding="UTF-8" ?>
<testsuite tests="11" failures="2" name="com.mycompany.assignmentone.StudentTest" time="26.558" errors="0" skipped="0">
  <properties>
    <property name="java.runtime.name" value="Java(TM) SE Runtime Environment"/>
    <property name="sun.boot.library.path" value="C:\Program Files\Java\jdk1.8.0_361\jre\bin"/>
    <property name="java.vm.version" value="25.361-b09"/>
    <property name="java.vm.vendor" value="Oracle Corporation"/>
    <property name="maven.multiModuleProjectDirectory" value="C:\Users\shali\OneDrive\Documents\NetBeansProjects\AssignmentOne"/>
    <property name="java.vendor.url" value="http://java.oracle.com/"/>
    <property name="path.separator" value=";"/>
    <property name="guice.disable.misplaced.annotation.check" value="true"/>
    <property name="java.vm.name" value="Java HotSpot(TM) 64-Bit Server VM"/>
    <property name="file.encoding.pkg" value="sun.io"/>
    <property name="user.script" value=""/>
    <property name="user.country" value="ZA"/>
    <property name="sun.java.launcher" value="SUN_STANDARD"/>
    <property name="sun.os.patch.level" value=""/>
    <property name="test" value="com.mycompany.assignmentone.StudentTest"/>
    <property name="java.vm.specification.name" value="Java Virtual Machine Specification"/>
    <property name="user.dir" value="C:\Users\shali\OneDrive\Documents\NetBeansProjects\AssignmentOne"/>
    <property name="java.runtime.version" value="1.8.0_361-b09"/>
    <property name="java.awt.graphicsenv" value="sun.awt.Win32GraphicsEnvironment"/>
    <property name="java.endorsed.dirs" value="C:\Program Files\Java\jdk1.8.0_361\jre\lib\endorsed"/>
    <property name="os.arch" value="amd64"/>
    <property name="java.io.tmpdir" value="C:\Users\shali\AppData\Local\Temp\"/>
    <property name="line.separator" value="
"/>
    <property name="java.vm.specification.vendor" value="Oracle Corporation"/>
    <property name="user.variant" value=""/>
    <property name="os.name" value="Windows 11"/>
    <property name="maven.ext.class.path" value="C:\Program Files\NetBeans-17\netbeans\java\maven-nblib\netbeans-eventspy.jar"/>
    <property name="classworlds.conf" value="C:\Program Files\NetBeans-17\netbeans\java\maven\bin\m2.conf"/>
    <property name="sun.jnu.encoding" value="Cp1252"/>
    <property name="java.library.path" value="C:\Program Files\Java\jdk1.8.0_361\bin;C:\windows\Sun\Java\bin;C:\windows\system32;C:\windows;C:\Program Files (x86)\Common Files\Oracle\Java\javapath;C:\windows\system32;C:\windows;C:\windows\System32\Wbem;C:\windows\System32\WindowsPowerShell\v1.0\;C:\windows\System32\OpenSSH\;C:\Program Files\Java\jdk-19\bin;C:\Program Files\Git\cmd;C:\Users\shali\AppData\Local\Microsoft\WindowsApps;;."/>
    <property name="maven.conf" value="C:\Program Files\NetBeans-17\netbeans\java\maven/conf"/>
    <property name="java.specification.name" value="Java Platform API Specification"/>
    <property name="java.class.version" value="52.0"/>
    <property name="sun.management.compiler" value="HotSpot 64-Bit Tiered Compilers"/>
    <property name="os.version" value="10.0"/>
    <property name="library.jansi.path" value="C:\Program Files\NetBeans-17\netbeans\java\maven\lib\jansi-native"/>
    <property name="user.home" value="C:\Users\shali"/>
    <property name="user.timezone" value="Africa/Harare"/>
    <property name="java.awt.printerjob" value="sun.awt.windows.WPrinterJob"/>
    <property name="java.specification.version" value="1.8"/>
    <property name="file.encoding" value="UTF-8"/>
    <property name="user.name" value="shali"/>
    <property name="java.class.path" value="C:\Program Files\NetBeans-17\netbeans\java\maven\boot\plexus-classworlds-2.6.0.jar"/>
    <property name="java.vm.specification.version" value="1.8"/>
    <property name="sun.arch.data.model" value="64"/>
    <property name="java.home" value="C:\Program Files\Java\jdk1.8.0_361\jre"/>
    <property name="sun.java.command" value="org.codehaus.plexus.classworlds.launcher.Launcher -Dtest=com.mycompany.assignmentone.StudentTest -Dmaven.ext.class.path=C:\Program Files\NetBeans-17\netbeans\java\maven-nblib\netbeans-eventspy.jar -Dfile.encoding=UTF-8 --no-transfer-progress surefire:test"/>
    <property name="java.specification.vendor" value="Oracle Corporation"/>
    <property name="user.language" value="en"/>
    <property name="awt.toolkit" value="sun.awt.windows.WToolkit"/>
    <property name="java.vm.info" value="mixed mode"/>
    <property name="java.version" value="1.8.0_361"/>
    <property name="java.ext.dirs" value="C:\Program Files\Java\jdk1.8.0_361\jre\lib\ext;C:\windows\Sun\Java\lib\ext"/>
    <property name="sun.boot.class.path" value="C:\Program Files\Java\jdk1.8.0_361\jre\lib\resources.jar;C:\Program Files\Java\jdk1.8.0_361\jre\lib\rt.jar;C:\Program Files\Java\jdk1.8.0_361\jre\lib\jsse.jar;C:\Program Files\Java\jdk1.8.0_361\jre\lib\jce.jar;C:\Program Files\Java\jdk1.8.0_361\jre\lib\charsets.jar;C:\Program Files\Java\jdk1.8.0_361\jre\lib\jfr.jar;C:\Program Files\Java\jdk1.8.0_361\jre\classes"/>
    <property name="java.vendor" value="Oracle Corporation"/>
    <property name="java.specification.maintenance.version" value="4"/>
    <property name="maven.home" value="C:\Program Files\NetBeans-17\netbeans\java\maven"/>
    <property name="file.separator" value="\"/>
    <property name="java.vendor.url.bug" value="http://bugreport.sun.com/bugreport/"/>
    <property name="sun.cpu.endian" value="little"/>
    <property name="sun.io.unicode.encoding" value="UnicodeLittle"/>
    <property name="sun.desktop" value="windows"/>
    <property name="sun.cpu.isalist" value="amd64"/>
  </properties>
  <testcase classname="com.mycompany.assignmentone.StudentTest" name="com.mycompany.assignmentone.StudentTest.testSearchStudent_StudentNotFound" time="0"/>
  <testcase classname="com.mycompany.assignmentone.StudentTest" name="com.mycompany.assignmentone.StudentTest.testSearchStudent" time="0"/>
  <testcase classname="com.mycompany.assignmentone.StudentTest" name="com.mycompany.assignmentone.StudentTest.testDeleteStudent" time="0"/>
  <testcase classname="com.mycompany.assignmentone.StudentTest" name="com.mycompany.assignmentone.StudentTest.testCaptureStudent" time="26.545"/>
  <testcase classname="com.mycompany.assignmentone.StudentTest" name="com.mycompany.assignmentone.StudentTest.testGenerateStudentReport" time="0.013">
    <failure message="expected: &lt;&gt; but was: &lt;STUDENT REPORT

Student 1
STUDENT ID: 10111
STUDENT NAME: John Doe
STUDENT AGE: 20
STUDENT EMAIL: johndoe@ymail.com
STUDENT COURSE: disd

&gt;" type="org.opentest4j.AssertionFailedError">org.opentest4j.AssertionFailedError: expected: &lt;&gt; but was: &lt;STUDENT REPORT
Student 1
STUDENT ID: 10111
STUDENT NAME: John Doe
STUDENT AGE: 20
STUDENT EMAIL: johndoe@ymail.com
STUDENT COURSE: disd
&gt;
	at org.junit.jupiter.api.AssertionUtils.fail(AssertionUtils.java:55)
	at org.junit.jupiter.api.AssertionUtils.failNotEqual(AssertionUtils.java:62)
	at org.junit.jupiter.api.AssertEquals.assertEquals(AssertEquals.java:182)
	at org.junit.jupiter.api.AssertEquals.assertEquals(AssertEquals.java:177)
	at org.junit.jupiter.api.Assertions.assertEquals(Assertions.java:1124)
	at com.mycompany.assignmentone.StudentTest.testGenerateStudentReport(StudentTest.java:183)
</failure>
    <system-out>generateStudentReport
</system-out>
  </testcase>
  <testcase classname="com.mycompany.assignmentone.StudentTest" name="com.mycompany.assignmentone.StudentTest.testGetId" time="0"/>
  <testcase classname="com.mycompany.assignmentone.StudentTest" name="com.mycompany.assignmentone.StudentTest.testGetName" time="0"/>
  <testcase classname="com.mycompany.assignmentone.StudentTest" name="com.mycompany.assignmentone.StudentTest.testGetAge" time="0"/>
  <testcase classname="com.mycompany.assignmentone.StudentTest" name="com.mycompany.assignmentone.StudentTest.testGetEmail" time="0"/>
  <testcase classname="com.mycompany.assignmentone.StudentTest" name="com.mycompany.assignmentone.StudentTest.testToString" time="0">
    <failure message="expected: &lt;STUDENT ID: 10111
STUDENT NAME: John Doe
STUDENT AGE: 20
STUDENT EMAIL: johndoe@ymail.com
STUDENT COURSE: Computer Science
&gt; but was: &lt;STUDENT ID: 10111
STUDENT NAME: John Doe
STUDENT AGE: 20
STUDENT EMAIL: johndoe@ymail.com
STUDENT COURSE: disd
&gt;" type="org.opentest4j.AssertionFailedError">org.opentest4j.AssertionFailedError: expected: &lt;STUDENT ID: 10111
STUDENT NAME: John Doe
STUDENT AGE: 20
STUDENT EMAIL: johndoe@ymail.com
STUDENT COURSE: Computer Science
&gt; but was: &lt;STUDENT ID: 10111
STUDENT NAME: John Doe
STUDENT AGE: 20
STUDENT EMAIL: johndoe@ymail.com
STUDENT COURSE: disd
&gt;
	at org.junit.jupiter.api.AssertionUtils.fail(AssertionUtils.java:55)
	at org.junit.jupiter.api.AssertionUtils.failNotEqual(AssertionUtils.java:62)
	at org.junit.jupiter.api.AssertEquals.assertEquals(AssertEquals.java:182)
	at org.junit.jupiter.api.AssertEquals.assertEquals(AssertEquals.java:177)
	at org.junit.jupiter.api.Assertions.assertEquals(Assertions.java:1124)
	at com.mycompany.assignmentone.StudentTest.testToString(StudentTest.java:122)
</failure>
    <system-out>toString
</system-out>
  </testcase>
  <testcase classname="com.mycompany.assignmentone.StudentTest" name="com.mycompany.assignmentone.StudentTest.testGetCourse" time="0"/>
</testsuite>